<?xml version="1.0" encoding="UTF-8"?>
<testsuite name="calculator.BasicCalculatorTest" tests="3" skipped="0" failures="0" errors="0" timestamp="2020-01-31T01:02:38" hostname="DESKTOP-9GSMR9K" time="0.004">
  <properties/>
  <testcase name="calculateNoMissingFrame" classname="calculator.BasicCalculatorTest" time="0.003"/>
  <testcase name="calculateTwoMissingHit" classname="calculator.BasicCalculatorTest" time="0.0"/>
  <testcase name="calculateOneMissingHit" classname="calculator.BasicCalculatorTest" time="0.0"/>
  <system-out><![CDATA[]]></system-out>
  <system-err><![CDATA[]]></system-err>
</testsuite>
